<?xml version="1.0" encoding="UTF-8"?>
<!-- Generated by org.testng.reporters.JUnitReportReporter -->
<testsuite hostname="DESKTOP-QIQ036J" failures="0" tests="1" name="testNG.AnnotationStudy" time="0.004" errors="0" timestamp="2022-06-11T22:38:00 IST" skipped="0">
  <testcase classname="testNG.AnnotationStudy" name="MyTest" time="0.004"/>
  <system-out>
    <![CDATA[test method is running]]>
  </system-out>
</testsuite> <!-- testNG.AnnotationStudy -->
