<?xml version="1.0" encoding="UTF-8"?>
<!-- Generated by org.testng.reporters.JUnitReportReporter -->
<testsuite hostname="DESKTOP-QIQ036J" failures="0" tests="2" name="XmlStudy.MyTest3" time="0.009" errors="0" timestamp="2022-06-13T23:35:30 IST" skipped="0">
  <testcase classname="XmlStudy.MyTest3" name="test3" time="0.007"/>
  <system-out>
    <![CDATA[test3 is running]]>
  </system-out>
  <testcase classname="XmlStudy.MyTest3" name="test5" time="0.002"/>
  <system-out>
    <![CDATA[test5 is running]]>
  </system-out>
</testsuite> <!-- XmlStudy.MyTest3 -->
