<?xml version="1.0" encoding="UTF-8"?>
<!-- Generated by org.testng.reporters.JUnitReportReporter -->
<testsuite hostname="DESKTOP-QIQ036J" failures="0" tests="4" name="testNGKeyWord.DependsOnMethod" time="0.012" errors="0" timestamp="2022-06-13T16:46:33 IST" skipped="0">
  <testcase classname="testNGKeyWord.DependsOnMethod" name="A" time="0.001"/>
  <system-out>
    <![CDATA[A is running]]>
  </system-out>
  <testcase classname="testNGKeyWord.DependsOnMethod" name="B" time="0.008"/>
  <system-out>
    <![CDATA[B is running]]>
  </system-out>
  <testcase classname="testNGKeyWord.DependsOnMethod" name="D" time="0.002"/>
  <system-out>
    <![CDATA[D is running]]>
  </system-out>
  <testcase classname="testNGKeyWord.DependsOnMethod" name="C" time="0.001"/>
  <system-out>
    <![CDATA[C is running]]>
  </system-out>
</testsuite> <!-- testNGKeyWord.DependsOnMethod -->
