<?xml version="1.0" encoding="UTF-8"?>
<!-- Generated by org.testng.reporters.JUnitReportReporter -->
<testsuite hostname="DESKTOP-QIQ036J" failures="0" tests="3" name="testNG.MyTestClass" time="57.199" errors="0" timestamp="2022-06-09T13:46:03 IST" skipped="0">
  <testcase classname="testNG.MyTestClass" name="MyMethod" time="16.784"/>
  <system-out/>
  <testcase classname="testNG.MyTestClass" name="MyMethod1" time="3.510"/>
  <system-out>
    <![CDATA[my method1 is running]]>
  </system-out>
  <testcase classname="testNG.MyTestClass" name="MyMethod2" time="36.905"/>
  <system-out>
    <![CDATA[my method2 is running]]>
  </system-out>
</testsuite> <!-- testNG.MyTestClass -->
