<?xml version="1.0" encoding="UTF-8"?>
<!-- Generated by org.testng.reporters.JUnitReportReporter -->
<testsuite hostname="DESKTOP-QIQ036J" failures="0" tests="1" name="KiteAppTestClasses.KiteUNTestUsingProperety" time="0.004" errors="0" timestamp="2022-06-21T23:59:34 IST" skipped="0">
  <testcase classname="KiteAppTestClasses.KiteUNTestUsingProperety" name="f" time="0.004"/>
  <system-out/>
</testsuite> <!-- KiteAppTestClasses.KiteUNTestUsingProperety -->
