<?xml version="1.0" encoding="UTF-8"?>
<!-- Generated by org.testng.reporters.JUnitReportReporter -->
<testsuite hostname="DESKTOP-QIQ036J" failures="0" tests="2" name="TestNGlistner.punjab" time="0.011" errors="0" timestamp="2022-06-22T17:16:51 IST" skipped="0">
  <testcase classname="TestNGlistner.punjab" name="patiyala" time="0.001"/>
  <system-out>
    <![CDATA[patiyal TC is running
TC is skiped,plz check dependent TC]]>
  </system-out>
  <testcase classname="TestNGlistner.punjab" name="amrutsar" time="0.010"/>
  <system-out>
    <![CDATA[amrutsar TC is running 
TC is skiped,plz check dependent TC]]>
  </system-out>
</testsuite> <!-- TestNGlistner.punjab -->
