<?xml version="1.0" encoding="UTF-8"?>
<!-- Generated by org.testng.reporters.JUnitReportReporter -->
<testsuite hostname="DESKTOP-QIQ036J" failures="0" tests="3" name="testNGKeyWord.InovacationCount" time="0.012" errors="0" timestamp="2022-06-13T16:26:47 IST" skipped="0">
  <testcase classname="testNGKeyWord.InovacationCount" name="MyMethod" time="0.008"/>
  <system-out>
    <![CDATA[mymethod is running]]>
  </system-out>
  <testcase classname="testNGKeyWord.InovacationCount" name="MyMethod" time="0.001"/>
  <system-out>
    <![CDATA[mymethod is running]]>
  </system-out>
  <testcase classname="testNGKeyWord.InovacationCount" name="MyMethod" time="0.003"/>
  <system-out>
    <![CDATA[mymethod is running]]>
  </system-out>
</testsuite> <!-- testNGKeyWord.InovacationCount -->
