<?xml version="1.0" encoding="UTF-8"?>
<!-- Generated by org.testng.reporters.JUnitReportReporter -->
<testsuite hostname="DESKTOP-QIQ036J" failures="0" tests="4" name="testNGKeyWord.EnabledUse" time="0.008" errors="0" timestamp="2022-06-13T16:39:37 IST" skipped="1">
  <testcase classname="testNGKeyWord.EnabledUse" name="A" time="0.008"/>
  <system-out>
    <![CDATA[A is running]]>
  </system-out>
  <testcase classname="testNGKeyWord.EnabledUse" name="B" time="0.000"/>
  <system-out>
    <![CDATA[B is running]]>
  </system-out>
  <testcase classname="testNGKeyWord.EnabledUse" name="C" time="0.000"/>
  <system-out>
    <![CDATA[C is running]]>
  </system-out>
  <testcase classname="testNGKeyWord.EnabledUse" name="D">
    <skipped/>
  </testcase> <!-- D -->
  <system-out/>
</testsuite> <!-- testNGKeyWord.EnabledUse -->
