<?xml version="1.0" encoding="UTF-8"?>
<!-- Generated by org.testng.reporters.JUnitReportReporter -->
<testsuite hostname="DESKTOP-QIQ036J" failures="0" tests="2" name="XmlStudy.MyTest5" time="0.010" errors="0" timestamp="2022-06-15T16:37:15 IST" skipped="0">
  <testcase classname="XmlStudy.MyTest5" name="tc7" time="0.009"/>
  <system-out>
    <![CDATA[regression is running]]>
  </system-out>
  <testcase classname="XmlStudy.MyTest5" name="tc9" time="0.001"/>
  <system-out>
    <![CDATA[regression is running]]>
  </system-out>
</testsuite> <!-- XmlStudy.MyTest5 -->
