<?xml version="1.0" encoding="UTF-8"?>
<!-- Generated by org.testng.reporters.JUnitReportReporter -->
<testsuite hostname="DESKTOP-QIQ036J" failures="0" tests="3" name="XmlStudy.MyTest" time="0.009" errors="0" timestamp="2022-06-15T16:33:21 IST" skipped="0">
  <testcase classname="XmlStudy.MyTest" name="method1" time="0.007"/>
  <system-out>
    <![CDATA[mymethod1 is running]]>
  </system-out>
  <testcase classname="XmlStudy.MyTest" name="method2" time="0.001"/>
  <system-out>
    <![CDATA[mymethod2 is running]]>
  </system-out>
  <testcase classname="XmlStudy.MyTest" name="method4" time="0.001"/>
  <system-out>
    <![CDATA[mymethod4 is running]]>
  </system-out>
</testsuite> <!-- XmlStudy.MyTest -->
