<?xml version="1.0" encoding="UTF-8"?>
<!-- Generated by org.testng.reporters.JUnitReportReporter -->
<testsuite hostname="DESKTOP-QIQ036J" failures="0" tests="7" name="testNGKeyWord.MultipleKeywordUse" time="4.043" errors="0" timestamp="2022-06-13T16:48:06 IST" skipped="0">
  <testcase classname="testNGKeyWord.MultipleKeywordUse" name="D" time="1.015"/>
  <system-out>
    <![CDATA[D is running]]>
  </system-out>
  <testcase classname="testNGKeyWord.MultipleKeywordUse" name="D" time="1.005"/>
  <system-out>
    <![CDATA[D is running]]>
  </system-out>
  <testcase classname="testNGKeyWord.MultipleKeywordUse" name="D" time="1.006"/>
  <system-out>
    <![CDATA[D is running]]>
  </system-out>
  <testcase classname="testNGKeyWord.MultipleKeywordUse" name="D" time="1.007"/>
  <system-out>
    <![CDATA[D is running]]>
  </system-out>
  <testcase classname="testNGKeyWord.MultipleKeywordUse" name="A" time="0.007"/>
  <system-out>
    <![CDATA[A is running]]>
  </system-out>
  <testcase classname="testNGKeyWord.MultipleKeywordUse" name="C" time="0.002"/>
  <system-out>
    <![CDATA[C is running]]>
  </system-out>
  <testcase classname="testNGKeyWord.MultipleKeywordUse" name="B" time="0.001"/>
  <system-out>
    <![CDATA[B is running]]>
  </system-out>
</testsuite> <!-- testNGKeyWord.MultipleKeywordUse -->
