<?xml version="1.0" encoding="UTF-8"?>
<!-- Generated by org.testng.reporters.JUnitReportReporter -->
<testsuite hostname="DESKTOP-QIQ036J" failures="0" tests="2" name="TestNGlistner.pune" time="0.002" errors="0" timestamp="2022-06-22T17:16:51 IST" skipped="0">
  <testcase classname="TestNGlistner.pune" name="swargate" time="0.001"/>
  <system-out>
    <![CDATA[swargate TC is pass
TC is skiped,plz check dependent TC]]>
  </system-out>
  <testcase classname="TestNGlistner.pune" name="Shivajinagar" time="0.001"/>
  <system-out>
    <![CDATA[Shivajinagar TC is running
TC is skiped,plz check dependent TC]]>
  </system-out>
</testsuite> <!-- TestNGlistner.pune -->
