<?xml version="1.0" encoding="UTF-8"?>
<!-- Generated by org.testng.reporters.JUnitReportReporter -->
<testsuite hostname="DESKTOP-QIQ036J" failures="0" tests="4" name="testNGKeyWord.PriorityUse" time="0.011" errors="0" timestamp="2022-06-13T16:35:08 IST" skipped="0">
  <testcase classname="testNGKeyWord.PriorityUse" name="D" time="0.007"/>
  <system-out>
    <![CDATA[D is running]]>
  </system-out>
  <testcase classname="testNGKeyWord.PriorityUse" name="A" time="0.001"/>
  <system-out>
    <![CDATA[A is running]]>
  </system-out>
  <testcase classname="testNGKeyWord.PriorityUse" name="C" time="0.001"/>
  <system-out>
    <![CDATA[C is running]]>
  </system-out>
  <testcase classname="testNGKeyWord.PriorityUse" name="B" time="0.002"/>
  <system-out>
    <![CDATA[B is running]]>
  </system-out>
</testsuite> <!-- testNGKeyWord.PriorityUse -->
