<?xml version="1.0" encoding="UTF-8"?>
<!-- Generated by org.testng.reporters.JUnitReportReporter -->
<testsuite hostname="DESKTOP-QIQ036J" failures="0" tests="1" name="VerificationUsing.AssertNullAndNOTnull" time="0.008" errors="0" timestamp="2022-06-15T13:02:19 IST" skipped="0">
  <testcase classname="VerificationUsing.AssertNullAndNOTnull" name="mymethod" time="0.008"/>
  <system-out>
    <![CDATA[value is not null tc pass]]>
  </system-out>
</testsuite> <!-- VerificationUsing.AssertNullAndNOTnull -->
