<?xml version="1.0" encoding="UTF-8"?>
<!-- Generated by org.testng.reporters.JUnitReportReporter -->
<testsuite hostname="DESKTOP-QIQ036J" failures="0" tests="1" name="KiteWithExcel.TestClassUsingTestNG" time="7.690" errors="0" timestamp="2022-06-22T18:15:28 IST" skipped="0">
  <testcase classname="KiteWithExcel.TestClassUsingTestNG" name="verifykiteUserName" time="7.690"/>
  <system-out>
    <![CDATA[Expected and actual userid match TC pass]]>
  </system-out>
</testsuite> <!-- KiteWithExcel.TestClassUsingTestNG -->
