<?xml version="1.0" encoding="UTF-8"?>
<!-- Generated by org.testng.reporters.JUnitReportReporter -->
<testsuite hostname="DESKTOP-QIQ036J" failures="0" tests="1" name="VerificationUsing.AssertionTrueAndFalse" time="0.007" errors="0" timestamp="2022-06-15T12:56:46 IST" skipped="0">
  <testcase classname="VerificationUsing.AssertionTrueAndFalse" name="mymethod" time="0.007"/>
  <system-out>
    <![CDATA[tc is running tc is pass]]>
  </system-out>
</testsuite> <!-- VerificationUsing.AssertionTrueAndFalse -->
