<?xml version="1.0" encoding="UTF-8"?>
<!-- Generated by org.testng.reporters.JUnitReportReporter -->
<testsuite hostname="DESKTOP-QIQ036J" failures="0" tests="1" name="VerificationUsing.Verification" time="27.250" errors="0" timestamp="2022-06-15T12:23:18 IST" skipped="0">
  <testcase classname="VerificationUsing.Verification" name="myTc" time="27.250"/>
  <system-out>
    <![CDATA[test case is running]]>
  </system-out>
</testsuite> <!-- VerificationUsing.Verification -->
