<?xml version="1.0" encoding="UTF-8"?>
<!-- Generated by org.testng.reporters.JUnitReportReporter -->
<testsuite hostname="DESKTOP-QIQ036J" failures="0" tests="1" name="VerificationUsing.AssertEqualsAndNotequals" time="0.009" errors="0" timestamp="2022-06-15T12:46:09 IST" skipped="0">
  <testcase classname="VerificationUsing.AssertEqualsAndNotequals" name="mymethod" time="0.009"/>
  <system-out>
    <![CDATA[string is matching TC is pass
string is not matching TC is pass]]>
  </system-out>
</testsuite> <!-- VerificationUsing.AssertEqualsAndNotequals -->
